<?xml version="1.0" encoding="UTF-8"?>
<testng-results skipped="0" failed="0" ignored="0" total="1" passed="1">
  <reporter-output>
  </reporter-output>
  <suite name="Default suite" duration-ms="58" started-at="2018-07-17T15:26:49Z" finished-at="2018-07-17T15:26:49Z">
    <groups>
    </groups>
    <test name="Default test" duration-ms="58" started-at="2018-07-17T15:26:49Z" finished-at="2018-07-17T15:26:49Z">
      <class name="com.qa.test.DemoTest">
        <test-method status="PASS" signature="Sum()[pri:0, instance:com.qa.test.DemoTest@224edc67]" name="Sum" duration-ms="20" started-at="2018-07-17T15:26:49Z" finished-at="2018-07-17T15:26:49Z">
          <reporter-output>
          </reporter-output>
        </test-method> <!-- Sum -->
      </class> <!-- com.qa.test.DemoTest -->
    </test> <!-- Default test -->
  </suite> <!-- Default suite -->
</testng-results>
