<?xml version="1.0" encoding="UTF-8"?>
<!-- Generated by org.testng.reporters.JUnitXMLReporter -->
<testsuite hostname="Shahs-MacBook-Pro.local" ignored="0" name="Test Maven Testing" tests="12" failures="0" timestamp="17 Jul 2018 18:20:14 GMT" time="0.038" errors="0">
  <testcase name="Div" time="0.009" classname="com.qa.test.DemoTest"/>
  <testcase name="Mul" time="0.0" classname="com.qa.test.DemoTest"/>
  <testcase name="Sub" time="0.0" classname="com.qa.test.DemoTest"/>
  <testcase name="Sum" time="0.0" classname="com.qa.test.DemoTest"/>
  <testcase name="DivTest3" time="0.0" classname="com.qa.test.DemoTest3"/>
  <testcase name="MulTest3" time="0.0" classname="com.qa.test.DemoTest3"/>
  <testcase name="SubTest3" time="0.0" classname="com.qa.test.DemoTest3"/>
  <testcase name="SumTest3" time="0.0" classname="com.qa.test.DemoTest3"/>
  <testcase name="DivTest2" time="0.0" classname="com.qa.test.DemoTest2"/>
  <testcase name="MulTest2" time="0.0" classname="com.qa.test.DemoTest2"/>
  <testcase name="SubTest2" time="0.0" classname="com.qa.test.DemoTest2"/>
  <testcase name="SumTest2" time="0.0" classname="com.qa.test.DemoTest2"/>
</testsuite> <!-- Test Maven Testing -->
