<?xml version="1.0" encoding="UTF-8"?>
<testng-results skipped="0" failed="0" ignored="0" total="12" passed="12">
  <reporter-output>
  </reporter-output>
  <suite name="Test Maven Suite" duration-ms="38" started-at="2018-07-17T18:20:14Z" finished-at="2018-07-17T18:20:14Z">
    <groups>
    </groups>
    <test name="Test Maven Testing" duration-ms="38" started-at="2018-07-17T18:20:14Z" finished-at="2018-07-17T18:20:14Z">
      <class name="com.qa.test.DemoTest">
        <test-method status="PASS" signature="Div()[pri:0, instance:com.qa.test.DemoTest@7f690630]" name="Div" duration-ms="9" started-at="2018-07-17T18:20:14Z" finished-at="2018-07-17T18:20:14Z">
          <reporter-output>
          </reporter-output>
        </test-method> <!-- Div -->
        <test-method status="PASS" signature="Mul()[pri:0, instance:com.qa.test.DemoTest@7f690630]" name="Mul" duration-ms="0" started-at="2018-07-17T18:20:14Z" finished-at="2018-07-17T18:20:14Z">
          <reporter-output>
          </reporter-output>
        </test-method> <!-- Mul -->
        <test-method status="PASS" signature="Sub()[pri:0, instance:com.qa.test.DemoTest@7f690630]" name="Sub" duration-ms="0" started-at="2018-07-17T18:20:14Z" finished-at="2018-07-17T18:20:14Z">
          <reporter-output>
          </reporter-output>
        </test-method> <!-- Sub -->
        <test-method status="PASS" signature="Sum()[pri:0, instance:com.qa.test.DemoTest@7f690630]" name="Sum" duration-ms="0" started-at="2018-07-17T18:20:14Z" finished-at="2018-07-17T18:20:14Z">
          <reporter-output>
          </reporter-output>
        </test-method> <!-- Sum -->
      </class> <!-- com.qa.test.DemoTest -->
      <class name="com.qa.test.DemoTest2">
        <test-method status="PASS" signature="DivTest2()[pri:0, instance:com.qa.test.DemoTest2@2f7a2457]" name="DivTest2" duration-ms="0" started-at="2018-07-17T18:20:14Z" finished-at="2018-07-17T18:20:14Z">
          <reporter-output>
          </reporter-output>
        </test-method> <!-- DivTest2 -->
        <test-method status="PASS" signature="MulTest2()[pri:0, instance:com.qa.test.DemoTest2@2f7a2457]" name="MulTest2" duration-ms="0" started-at="2018-07-17T18:20:14Z" finished-at="2018-07-17T18:20:14Z">
          <reporter-output>
          </reporter-output>
        </test-method> <!-- MulTest2 -->
        <test-method status="PASS" signature="SubTest2()[pri:0, instance:com.qa.test.DemoTest2@2f7a2457]" name="SubTest2" duration-ms="0" started-at="2018-07-17T18:20:14Z" finished-at="2018-07-17T18:20:14Z">
          <reporter-output>
          </reporter-output>
        </test-method> <!-- SubTest2 -->
        <test-method status="PASS" signature="SumTest2()[pri:0, instance:com.qa.test.DemoTest2@2f7a2457]" name="SumTest2" duration-ms="0" started-at="2018-07-17T18:20:14Z" finished-at="2018-07-17T18:20:14Z">
          <reporter-output>
          </reporter-output>
        </test-method> <!-- SumTest2 -->
      </class> <!-- com.qa.test.DemoTest2 -->
      <class name="com.qa.test.DemoTest3">
        <test-method status="PASS" signature="DivTest3()[pri:0, instance:com.qa.test.DemoTest3@edf4efb]" name="DivTest3" duration-ms="0" started-at="2018-07-17T18:20:14Z" finished-at="2018-07-17T18:20:14Z">
          <reporter-output>
          </reporter-output>
        </test-method> <!-- DivTest3 -->
        <test-method status="PASS" signature="MulTest3()[pri:0, instance:com.qa.test.DemoTest3@edf4efb]" name="MulTest3" duration-ms="0" started-at="2018-07-17T18:20:14Z" finished-at="2018-07-17T18:20:14Z">
          <reporter-output>
          </reporter-output>
        </test-method> <!-- MulTest3 -->
        <test-method status="PASS" signature="SubTest3()[pri:0, instance:com.qa.test.DemoTest3@edf4efb]" name="SubTest3" duration-ms="0" started-at="2018-07-17T18:20:14Z" finished-at="2018-07-17T18:20:14Z">
          <reporter-output>
          </reporter-output>
        </test-method> <!-- SubTest3 -->
        <test-method status="PASS" signature="SumTest3()[pri:0, instance:com.qa.test.DemoTest3@edf4efb]" name="SumTest3" duration-ms="0" started-at="2018-07-17T18:20:14Z" finished-at="2018-07-17T18:20:14Z">
          <reporter-output>
          </reporter-output>
        </test-method> <!-- SumTest3 -->
      </class> <!-- com.qa.test.DemoTest3 -->
    </test> <!-- Test Maven Testing -->
  </suite> <!-- Test Maven Suite -->
</testng-results>
